[30-Nov-2020 17:55:45 Asia/Tokyo] デバッグ：「「「「「「「「「「「「「「「「「「「「「「「「「「「「「「「「「「「「「「「「
[30-Nov-2020 17:55:45 Asia/Tokyo] デバッグ：「　Ajaxバリデーション処理　
[30-Nov-2020 17:55:45 Asia/Tokyo] デバッグ：「「「「「「「「「「「「「「「「「「「「「「「「「「「「「「「「「「「「「「「「
[30-Nov-2020 17:55:45 Asia/Tokyo] デバッグ：>>>>>>>>>>>>>>>>>>>>>>>>>>>>>>>>>>>>>>>>>>>>>>>> 画面表示処理開始
[30-Nov-2020 17:55:45 Asia/Tokyo] デバッグ：セッションID：8ocpnosrb76dkf6u7vt50s0u6p
[30-Nov-2020 17:55:45 Asia/Tokyo] デバッグ：セッション変数の中身：Array
(
    [login_date] => 1606569165
    [login_limit] => 2592000
    [user_id] => 2
)

[30-Nov-2020 17:55:45 Asia/Tokyo] デバッグ：現在日時タイムスタンプ：1606726545
[30-Nov-2020 17:55:45 Asia/Tokyo] デバッグ：ログイン期限日時タイムスタンプ：1609161165
[30-Nov-2020 17:55:58 Asia/Tokyo] デバッグ：「「「「「「「「「「「「「「「「「「「「「「「「「「「「「「「「「「「「「「「「
[30-Nov-2020 17:55:58 Asia/Tokyo] デバッグ：「　Ajaxバリデーション処理　
[30-Nov-2020 17:55:58 Asia/Tokyo] デバッグ：「「「「「「「「「「「「「「「「「「「「「「「「「「「「「「「「「「「「「「「「
[30-Nov-2020 17:55:58 Asia/Tokyo] デバッグ：>>>>>>>>>>>>>>>>>>>>>>>>>>>>>>>>>>>>>>>>>>>>>>>> 画面表示処理開始
[30-Nov-2020 17:55:58 Asia/Tokyo] デバッグ：セッションID：fqlceh27lb4rlc4i1blvk2cjr8
[30-Nov-2020 17:55:58 Asia/Tokyo] デバッグ：セッション変数の中身：Array
(
    [login_date] => 1606569165
    [login_limit] => 2592000
    [user_id] => 2
)

[30-Nov-2020 17:55:58 Asia/Tokyo] デバッグ：現在日時タイムスタンプ：1606726558
[30-Nov-2020 17:55:58 Asia/Tokyo] デバッグ：ログイン期限日時タイムスタンプ：1609161165
[30-Nov-2020 17:55:58 Asia/Tokyo] デバッグ：バリデーションOK。
[30-Nov-2020 17:55:58 Asia/Tokyo] デバッグ：クエリ成功。
[30-Nov-2020 17:55:58 Asia/Tokyo] デバッグ：クエリに失敗したかDBに登録のないEmailが入力されました。
[30-Nov-2020 17:56:37 Asia/Tokyo] デバッグ：「「「「「「「「「「「「「「「「「「「「「「「「「「「「「「「「「「「「「「「「
[30-Nov-2020 17:56:37 Asia/Tokyo] デバッグ：「　ユーザー登録ページ　
[30-Nov-2020 17:56:37 Asia/Tokyo] デバッグ：「「「「「「「「「「「「「「「「「「「「「「「「「「「「「「「「「「「「「「「「
[30-Nov-2020 17:56:37 Asia/Tokyo] デバッグ：>>>>>>>>>>>>>>>>>>>>>>>>>>>>>>>>>>>>>>>>>>>>>>>> 画面表示処理開始
[30-Nov-2020 17:56:37 Asia/Tokyo] デバッグ：セッションID：v74qa2d05vj45pc6blouqjsaf4
[30-Nov-2020 17:56:37 Asia/Tokyo] デバッグ：セッション変数の中身：Array
(
    [login_date] => 1606569165
    [login_limit] => 2592000
    [user_id] => 2
)

[30-Nov-2020 17:56:37 Asia/Tokyo] デバッグ：現在日時タイムスタンプ：1606726597
[30-Nov-2020 17:56:37 Asia/Tokyo] デバッグ：ログイン期限日時タイムスタンプ：1609161165
[30-Nov-2020 17:57:19 Asia/Tokyo] デバッグ：「「「「「「「「「「「「「「「「「「「「「「「「「「「「「「「「「「「「「「「「
[30-Nov-2020 17:57:19 Asia/Tokyo] デバッグ：「　ユーザー登録ページ　
[30-Nov-2020 17:57:19 Asia/Tokyo] デバッグ：「「「「「「「「「「「「「「「「「「「「「「「「「「「「「「「「「「「「「「「「
[30-Nov-2020 17:57:19 Asia/Tokyo] デバッグ：>>>>>>>>>>>>>>>>>>>>>>>>>>>>>>>>>>>>>>>>>>>>>>>> 画面表示処理開始
[30-Nov-2020 17:57:19 Asia/Tokyo] デバッグ：セッションID：s15istj8i3u4ha4mgr8l73os9i
[30-Nov-2020 17:57:19 Asia/Tokyo] デバッグ：セッション変数の中身：Array
(
    [login_date] => 1606569165
    [login_limit] => 2592000
    [user_id] => 2
)

[30-Nov-2020 17:57:19 Asia/Tokyo] デバッグ：現在日時タイムスタンプ：1606726639
[30-Nov-2020 17:57:19 Asia/Tokyo] デバッグ：ログイン期限日時タイムスタンプ：1609161165
[30-Nov-2020 17:57:56 Asia/Tokyo] デバッグ：「「「「「「「「「「「「「「「「「「「「「「「「「「「「「「「「「「「「「「「「
[30-Nov-2020 17:57:56 Asia/Tokyo] デバッグ：「　Ajaxバリデーション処理　
[30-Nov-2020 17:57:56 Asia/Tokyo] デバッグ：「「「「「「「「「「「「「「「「「「「「「「「「「「「「「「「「「「「「「「「「
[30-Nov-2020 17:57:56 Asia/Tokyo] デバッグ：>>>>>>>>>>>>>>>>>>>>>>>>>>>>>>>>>>>>>>>>>>>>>>>> 画面表示処理開始
[30-Nov-2020 17:57:56 Asia/Tokyo] デバッグ：セッションID：3lk7kjgl0o1n2417cbg8dhgamu
[30-Nov-2020 17:57:56 Asia/Tokyo] デバッグ：セッション変数の中身：Array
(
    [login_date] => 1606569165
    [login_limit] => 2592000
    [user_id] => 2
)

[30-Nov-2020 17:57:56 Asia/Tokyo] デバッグ：現在日時タイムスタンプ：1606726676
[30-Nov-2020 17:57:56 Asia/Tokyo] デバッグ：ログイン期限日時タイムスタンプ：1609161165
[30-Nov-2020 17:57:56 Asia/Tokyo] デバッグ：未入力チェック完了
[30-Nov-2020 17:57:56 Asia/Tokyo] デバッグ：クエリ成功。
[30-Nov-2020 17:57:56 Asia/Tokyo] デバッグ：クエリ成功。
[30-Nov-2020 17:57:56 Asia/Tokyo] デバッグ：セッション変数の中身：Array
(
    [login_date] => 1606726676
    [login_limit] => 3600
    [user_id] => 18
)

[30-Nov-2020 17:58:29 Asia/Tokyo] デバッグ：「「「「「「「「「「「「「「「「「「「「「「「「「「「「「「「「「「「「「「「「
[30-Nov-2020 17:58:29 Asia/Tokyo] デバッグ：「　ログインページ　
[30-Nov-2020 17:58:29 Asia/Tokyo] デバッグ：「「「「「「「「「「「「「「「「「「「「「「「「「「「「「「「「「「「「「「「「
[30-Nov-2020 17:58:29 Asia/Tokyo] デバッグ：>>>>>>>>>>>>>>>>>>>>>>>>>>>>>>>>>>>>>>>>>>>>>>>> 画面表示処理開始
[30-Nov-2020 17:58:29 Asia/Tokyo] デバッグ：セッションID：j397g0gup5p0j5mom0nmn7itl3
[30-Nov-2020 17:58:29 Asia/Tokyo] デバッグ：セッション変数の中身：Array
(
    [login_date] => 1606726676
    [login_limit] => 3600
    [user_id] => 18
)

[30-Nov-2020 17:58:29 Asia/Tokyo] デバッグ：現在日時タイムスタンプ：1606726709
[30-Nov-2020 17:58:29 Asia/Tokyo] デバッグ：ログイン期限日時タイムスタンプ：1606730276
[30-Nov-2020 17:58:58 Asia/Tokyo] デバッグ：「「「「「「「「「「「「「「「「「「「「「「「「「「「「「「「「「「「「「「「「
[30-Nov-2020 17:58:58 Asia/Tokyo] デバッグ：「　ログインページ　
[30-Nov-2020 17:58:58 Asia/Tokyo] デバッグ：「「「「「「「「「「「「「「「「「「「「「「「「「「「「「「「「「「「「「「「「
[30-Nov-2020 17:58:58 Asia/Tokyo] デバッグ：>>>>>>>>>>>>>>>>>>>>>>>>>>>>>>>>>>>>>>>>>>>>>>>> 画面表示処理開始
[30-Nov-2020 17:58:58 Asia/Tokyo] デバッグ：セッションID：g7sbvenv219b4hqeoff407f9dl
[30-Nov-2020 17:58:58 Asia/Tokyo] デバッグ：セッション変数の中身：Array
(
    [login_date] => 1606726676
    [login_limit] => 3600
    [user_id] => 18
)

[30-Nov-2020 17:58:58 Asia/Tokyo] デバッグ：現在日時タイムスタンプ：1606726738
[30-Nov-2020 17:58:58 Asia/Tokyo] デバッグ：ログイン期限日時タイムスタンプ：1606730276
[30-Nov-2020 17:59:01 Asia/Tokyo] デバッグ：「「「「「「「「「「「「「「「「「「「「「「「「「「「「「「「「「「「「「「「「
[30-Nov-2020 17:59:01 Asia/Tokyo] デバッグ：「　パスワードリマインダーページ　
[30-Nov-2020 17:59:01 Asia/Tokyo] デバッグ：「「「「「「「「「「「「「「「「「「「「「「「「「「「「「「「「「「「「「「「「
[30-Nov-2020 17:59:01 Asia/Tokyo] デバッグ：>>>>>>>>>>>>>>>>>>>>>>>>>>>>>>>>>>>>>>>>>>>>>>>> 画面表示処理開始
[30-Nov-2020 17:59:01 Asia/Tokyo] デバッグ：セッションID：29fftjah14ucmuh57hvn8s6mqf
[30-Nov-2020 17:59:01 Asia/Tokyo] デバッグ：セッション変数の中身：Array
(
    [login_date] => 1606726676
    [login_limit] => 3600
    [user_id] => 18
)

[30-Nov-2020 17:59:01 Asia/Tokyo] デバッグ：現在日時タイムスタンプ：1606726741
[30-Nov-2020 17:59:01 Asia/Tokyo] デバッグ：ログイン期限日時タイムスタンプ：1606730276
[30-Nov-2020 17:59:07 Asia/Tokyo] デバッグ：「「「「「「「「「「「「「「「「「「「「「「「「「「「「「「「「「「「「「「「「
[30-Nov-2020 17:59:07 Asia/Tokyo] デバッグ：「　Ajaxバリデーション処理　
[30-Nov-2020 17:59:07 Asia/Tokyo] デバッグ：「「「「「「「「「「「「「「「「「「「「「「「「「「「「「「「「「「「「「「「「
[30-Nov-2020 17:59:07 Asia/Tokyo] デバッグ：>>>>>>>>>>>>>>>>>>>>>>>>>>>>>>>>>>>>>>>>>>>>>>>> 画面表示処理開始
[30-Nov-2020 17:59:07 Asia/Tokyo] デバッグ：セッションID：0s7d4hhcrt3fgane338kiitj45
[30-Nov-2020 17:59:07 Asia/Tokyo] デバッグ：セッション変数の中身：Array
(
    [login_date] => 1606726676
    [login_limit] => 3600
    [user_id] => 18
)

[30-Nov-2020 17:59:07 Asia/Tokyo] デバッグ：現在日時タイムスタンプ：1606726747
[30-Nov-2020 17:59:07 Asia/Tokyo] デバッグ：ログイン期限日時タイムスタンプ：1606730276
[30-Nov-2020 17:59:07 Asia/Tokyo] デバッグ：バリデーションOK。
[30-Nov-2020 17:59:07 Asia/Tokyo] デバッグ：クエリ成功。
[30-Nov-2020 17:59:07 Asia/Tokyo] デバッグ：クエリ成功。DB登録あり。
[30-Nov-2020 17:59:07 Asia/Tokyo] デバッグ：メールを送信しました。
[30-Nov-2020 17:59:07 Asia/Tokyo] デバッグ：セッション変数の中身：Array
(
    [login_date] => 1606726676
    [login_limit] => 3600
    [user_id] => 18
    [msg_success] => メールを送信しました。
    [auth_key] => BJVn4v0Y
    [auth_email] => naomichi.programming@gmail.com
    [auth_key_limit] => 1606728547
)

[30-Nov-2020 18:01:50 Asia/Tokyo] デバッグ：「「「「「「「「「「「「「「「「「「「「「「「「「「「「「「「「「「「「「「「「
[30-Nov-2020 18:01:50 Asia/Tokyo] デバッグ：「　パスワードリマインダーページ　
[30-Nov-2020 18:01:50 Asia/Tokyo] デバッグ：「「「「「「「「「「「「「「「「「「「「「「「「「「「「「「「「「「「「「「「「
[30-Nov-2020 18:01:50 Asia/Tokyo] デバッグ：>>>>>>>>>>>>>>>>>>>>>>>>>>>>>>>>>>>>>>>>>>>>>>>> 画面表示処理開始
[30-Nov-2020 18:01:50 Asia/Tokyo] デバッグ：セッションID：5akq3f4tdpt6sst7ti38eiir0u
[30-Nov-2020 18:01:50 Asia/Tokyo] デバッグ：セッション変数の中身：Array
(
    [login_date] => 1606726676
    [login_limit] => 3600
    [user_id] => 18
    [msg_success] => メールを送信しました。
    [auth_key] => BJVn4v0Y
    [auth_email] => naomichi.programming@gmail.com
    [auth_key_limit] => 1606728547
)

[30-Nov-2020 18:01:50 Asia/Tokyo] デバッグ：現在日時タイムスタンプ：1606726910
[30-Nov-2020 18:01:50 Asia/Tokyo] デバッグ：ログイン期限日時タイムスタンプ：1606730276
[30-Nov-2020 18:01:52 Asia/Tokyo] デバッグ：「「「「「「「「「「「「「「「「「「「「「「「「「「「「「「「「「「「「「「「「
[30-Nov-2020 18:01:52 Asia/Tokyo] デバッグ：「　Ajaxバリデーション処理　
[30-Nov-2020 18:01:52 Asia/Tokyo] デバッグ：「「「「「「「「「「「「「「「「「「「「「「「「「「「「「「「「「「「「「「「「
[30-Nov-2020 18:01:52 Asia/Tokyo] デバッグ：>>>>>>>>>>>>>>>>>>>>>>>>>>>>>>>>>>>>>>>>>>>>>>>> 画面表示処理開始
[30-Nov-2020 18:01:52 Asia/Tokyo] デバッグ：セッションID：ds6saaqtf2fb96qguf4bkhkr96
[30-Nov-2020 18:01:52 Asia/Tokyo] デバッグ：セッション変数の中身：Array
(
    [login_date] => 1606726676
    [login_limit] => 3600
    [user_id] => 18
    [msg_success] => メールを送信しました。
    [auth_key] => BJVn4v0Y
    [auth_email] => naomichi.programming@gmail.com
    [auth_key_limit] => 1606728547
)

[30-Nov-2020 18:01:52 Asia/Tokyo] デバッグ：現在日時タイムスタンプ：1606726912
[30-Nov-2020 18:01:52 Asia/Tokyo] デバッグ：ログイン期限日時タイムスタンプ：1606730276
[30-Nov-2020 18:01:52 Asia/Tokyo] デバッグ：バリデーションOK。
[30-Nov-2020 18:01:52 Asia/Tokyo] デバッグ：クエリ成功。
[30-Nov-2020 18:01:52 Asia/Tokyo] デバッグ：クエリ成功。DB登録あり。
[30-Nov-2020 18:01:52 Asia/Tokyo] デバッグ：メールを送信しました。
[30-Nov-2020 18:01:52 Asia/Tokyo] デバッグ：セッション変数の中身：Array
(
    [login_date] => 1606726676
    [login_limit] => 3600
    [user_id] => 18
    [msg_success] => メールを送信しました。
    [auth_key] => IT5fxnD3
    [auth_email] => naomichi.programming@gmail.com
    [auth_key_limit] => 1606728712
)

